ago. 26, 2025 10:20:32 PM liquibase.changelog
INFO: Reading resource: db/changelog/migrations/db.changelog-202508252150.sql
ago. 26, 2025 10:20:32 PM liquibase.changelog
INFO: Reading resource: db/changelog/migrations/db.changelog-202508252200.sql
ago. 26, 2025 10:20:32 PM liquibase.changelog
INFO: Reading resource: db/changelog/migrations/db.changelog-202508252204.sql
ago. 26, 2025 10:20:32 PM liquibase.changelog
INFO: Reading resource: db/changelog/migrations/db.changelog-202508252206.sql
ago. 26, 2025 10:20:32 PM liquibase.changelog
INFO: Reading resource: db/changelog/migrations/db.changelog-202508262217.sql
ago. 26, 2025 10:20:32 PM liquibase.changelog
INFO: Reading from board.databasechangelog
Database is up to date, no changesets to execute
ago. 26, 2025 10:20:32 PM liquibase.changelog
INFO: Reading from board.databasechangelog

UPDATE SUMMARY
Run:                          0
Previously run:               5
Filtered out:                 0
-------------------------------
Total change sets:            5

ago. 26, 2025 10:20:32 PM liquibase.util
INFO: UPDATE SUMMARY
ago. 26, 2025 10:20:32 PM liquibase.util
INFO: Run:                          0
ago. 26, 2025 10:20:32 PM liquibase.util
INFO: Previously run:               5
ago. 26, 2025 10:20:32 PM liquibase.util
INFO: Filtered out:                 0
ago. 26, 2025 10:20:32 PM liquibase.util
INFO: -------------------------------
ago. 26, 2025 10:20:32 PM liquibase.util
INFO: Total change sets:            5
ago. 26, 2025 10:20:32 PM liquibase.util
INFO: Update summary generated
ago. 26, 2025 10:20:32 PM liquibase.lockservice
INFO: Successfully released change log lock
ago. 26, 2025 10:20:32 PM liquibase.command
INFO: Command execution complete
